c:\users\admin\desktop\apex-legends-cheat-sdk\apex-legends-cheat-sdk\apex-legends-cheat-sdk\x64\release\vc143.pdb
c:\users\admin\desktop\apex-legends-cheat-sdk\apex-legends-cheat-sdk\apex-legends-cheat-sdk\x64\release\main.obj
c:\users\admin\desktop\apex-legends-cheat-sdk\apex-legends-cheat-sdk\x64\release\driver.sys
c:\users\admin\desktop\apex-legends-cheat-sdk\apex-legends-cheat-sdk\x64\release\driver.pdb
c:\users\admin\desktop\apex-legends-cheat-sdk\apex-legends-cheat-sdk\apex-legends-cheat-sdk\x64\release\apex-legends-cheat-sdk.inf
c:\users\admin\desktop\apex-legends-cheat-sdk\apex-legends-cheat-sdk\x64\release\driver.cer
c:\users\admin\desktop\apex-legends-cheat-sdk\apex-legends-cheat-sdk\apex-legends-cheat-sdk\x64\release\driver.tlog\cl.command.1.tlog
c:\users\admin\desktop\apex-legends-cheat-sdk\apex-legends-cheat-sdk\apex-legends-cheat-sdk\x64\release\driver.tlog\cl.read.1.tlog
c:\users\admin\desktop\apex-legends-cheat-sdk\apex-legends-cheat-sdk\apex-legends-cheat-sdk\x64\release\driver.tlog\cl.write.1.tlog
c:\users\admin\desktop\apex-legends-cheat-sdk\apex-legends-cheat-sdk\apex-legends-cheat-sdk\x64\release\driver.tlog\inf2cat-expand.7900.read.1.tlog
c:\users\admin\desktop\apex-legends-cheat-sdk\apex-legends-cheat-sdk\apex-legends-cheat-sdk\x64\release\driver.tlog\inf2cat-expand.7900.write.1.tlog
c:\users\admin\desktop\apex-legends-cheat-sdk\apex-legends-cheat-sdk\apex-legends-cheat-sdk\x64\release\driver.tlog\inf2cat-expand.read.1.tlog
c:\users\admin\desktop\apex-legends-cheat-sdk\apex-legends-cheat-sdk\apex-legends-cheat-sdk\x64\release\driver.tlog\inf2cat-expand.write.1.tlog
c:\users\admin\desktop\apex-legends-cheat-sdk\apex-legends-cheat-sdk\apex-legends-cheat-sdk\x64\release\driver.tlog\inf2cat.command.1.tlog
c:\users\admin\desktop\apex-legends-cheat-sdk\apex-legends-cheat-sdk\apex-legends-cheat-sdk\x64\release\driver.tlog\inf2cat.read.1.tlog
c:\users\admin\desktop\apex-legends-cheat-sdk\apex-legends-cheat-sdk\apex-legends-cheat-sdk\x64\release\driver.tlog\inf2cat.write.1.tlog
c:\users\admin\desktop\apex-legends-cheat-sdk\apex-legends-cheat-sdk\apex-legends-cheat-sdk\x64\release\driver.tlog\inf2cat.write.7.tlog
c:\users\admin\desktop\apex-legends-cheat-sdk\apex-legends-cheat-sdk\apex-legends-cheat-sdk\x64\release\driver.tlog\link.command.1.tlog
c:\users\admin\desktop\apex-legends-cheat-sdk\apex-legends-cheat-sdk\apex-legends-cheat-sdk\x64\release\driver.tlog\link.read.1.tlog
c:\users\admin\desktop\apex-legends-cheat-sdk\apex-legends-cheat-sdk\apex-legends-cheat-sdk\x64\release\driver.tlog\link.write.1.tlog
c:\users\admin\desktop\apex-legends-cheat-sdk\apex-legends-cheat-sdk\apex-legends-cheat-sdk\x64\release\driver.tlog\signtool.command.1.tlog
c:\users\admin\desktop\apex-legends-cheat-sdk\apex-legends-cheat-sdk\apex-legends-cheat-sdk\x64\release\driver.tlog\signtool.read.1.tlog
c:\users\admin\desktop\apex-legends-cheat-sdk\apex-legends-cheat-sdk\apex-legends-cheat-sdk\x64\release\driver.tlog\signtool.timestamp.1.tlog
c:\users\admin\desktop\apex-legends-cheat-sdk\apex-legends-cheat-sdk\apex-legends-cheat-sdk\x64\release\driver.tlog\signtool.write.1.tlog
c:\users\admin\desktop\apex-legends-cheat-sdk\apex-legends-cheat-sdk\apex-legends-cheat-sdk\x64\release\driver.tlog\stampinf.command.1.tlog
c:\users\admin\desktop\apex-legends-cheat-sdk\apex-legends-cheat-sdk\apex-legends-cheat-sdk\x64\release\driver.tlog\stampinf.read.1.tlog
c:\users\admin\desktop\apex-legends-cheat-sdk\apex-legends-cheat-sdk\apex-legends-cheat-sdk\x64\release\driver.tlog\stampinf.write.1.tlog
