c:\users\admin\desktop\apex-legends-cheat-sdk\apex-legends-cheat-sdk\apex-legends-cheat-sdk\x64\release\vc143.pdb
c:\users\admin\desktop\apex-legends-cheat-sdk\apex-legends-cheat-sdk\apex-legends-cheat-sdk\x64\release\main.obj
c:\users\admin\desktop\apex-legends-cheat-sdk\apex-legends-cheat-sdk\x64\release\driverapex\driverapex.cat
c:\users\admin\desktop\apex-legends-cheat-sdk\apex-legends-cheat-sdk\x64\release\driverapex.sys
c:\users\admin\desktop\apex-legends-cheat-sdk\apex-legends-cheat-sdk\x64\release\driverapex.pdb
c:\users\admin\desktop\apex-legends-cheat-sdk\apex-legends-cheat-sdk\apex-legends-cheat-sdk\x64\release\driverapex.inf
c:\users\admin\desktop\apex-legends-cheat-sdk\apex-legends-cheat-sdk\x64\release\driverapex.cer
c:\users\admin\desktop\apex-legends-cheat-sdk\apex-legends-cheat-sdk\x64\release\driverapex.inf
c:\users\admin\desktop\apex-legends-cheat-sdk\apex-legends-cheat-sdk\apex-legends-cheat-sdk\x64\release\driverapex.tlog\cl.command.1.tlog
c:\users\admin\desktop\apex-legends-cheat-sdk\apex-legends-cheat-sdk\apex-legends-cheat-sdk\x64\release\driverapex.tlog\cl.read.1.tlog
c:\users\admin\desktop\apex-legends-cheat-sdk\apex-legends-cheat-sdk\apex-legends-cheat-sdk\x64\release\driverapex.tlog\cl.write.1.tlog
c:\users\admin\desktop\apex-legends-cheat-sdk\apex-legends-cheat-sdk\apex-legends-cheat-sdk\x64\release\driverapex.tlog\inf2cat-expand.16156.read.1.tlog
c:\users\admin\desktop\apex-legends-cheat-sdk\apex-legends-cheat-sdk\apex-legends-cheat-sdk\x64\release\driverapex.tlog\inf2cat-expand.16156.write.1.tlog
c:\users\admin\desktop\apex-legends-cheat-sdk\apex-legends-cheat-sdk\apex-legends-cheat-sdk\x64\release\driverapex.tlog\inf2cat-expand.read.1.tlog
c:\users\admin\desktop\apex-legends-cheat-sdk\apex-legends-cheat-sdk\apex-legends-cheat-sdk\x64\release\driverapex.tlog\inf2cat-expand.write.1.tlog
c:\users\admin\desktop\apex-legends-cheat-sdk\apex-legends-cheat-sdk\apex-legends-cheat-sdk\x64\release\driverapex.tlog\inf2cat.command.1.tlog
c:\users\admin\desktop\apex-legends-cheat-sdk\apex-legends-cheat-sdk\apex-legends-cheat-sdk\x64\release\driverapex.tlog\inf2cat.read.1.tlog
c:\users\admin\desktop\apex-legends-cheat-sdk\apex-legends-cheat-sdk\apex-legends-cheat-sdk\x64\release\driverapex.tlog\inf2cat.write.1.tlog
c:\users\admin\desktop\apex-legends-cheat-sdk\apex-legends-cheat-sdk\apex-legends-cheat-sdk\x64\release\driverapex.tlog\link.command.1.tlog
c:\users\admin\desktop\apex-legends-cheat-sdk\apex-legends-cheat-sdk\apex-legends-cheat-sdk\x64\release\driverapex.tlog\link.read.1.tlog
c:\users\admin\desktop\apex-legends-cheat-sdk\apex-legends-cheat-sdk\apex-legends-cheat-sdk\x64\release\driverapex.tlog\link.write.1.tlog
c:\users\admin\desktop\apex-legends-cheat-sdk\apex-legends-cheat-sdk\apex-legends-cheat-sdk\x64\release\driverapex.tlog\signtool.command.1.tlog
c:\users\admin\desktop\apex-legends-cheat-sdk\apex-legends-cheat-sdk\apex-legends-cheat-sdk\x64\release\driverapex.tlog\signtool.read.1.tlog
c:\users\admin\desktop\apex-legends-cheat-sdk\apex-legends-cheat-sdk\apex-legends-cheat-sdk\x64\release\driverapex.tlog\signtool.timestamp.1.tlog
c:\users\admin\desktop\apex-legends-cheat-sdk\apex-legends-cheat-sdk\apex-legends-cheat-sdk\x64\release\driverapex.tlog\signtool.write.1.tlog
c:\users\admin\desktop\apex-legends-cheat-sdk\apex-legends-cheat-sdk\apex-legends-cheat-sdk\x64\release\driverapex.tlog\stampinf.command.1.tlog
c:\users\admin\desktop\apex-legends-cheat-sdk\apex-legends-cheat-sdk\apex-legends-cheat-sdk\x64\release\driverapex.tlog\stampinf.read.1.tlog
c:\users\admin\desktop\apex-legends-cheat-sdk\apex-legends-cheat-sdk\apex-legends-cheat-sdk\x64\release\driverapex.tlog\stampinf.write.1.tlog
